<?xml version="1.0" encoding="UTF-8"?>
<testsuite xmlns:xsi="http://www.w3.org/2001/XMLSchema-instance" xsi:noNamespaceSchemaLocation="https://maven.apache.org/surefire/maven-surefire-plugin/xsd/surefire-test-report.xsd" name="com.ups.dap.app.RateApplicationTests" time="26.419" tests="9" errors="0" skipped="0" failures="0">
  <properties>
[...]
</properties>
  <testcase name="dayRollBackward" classname="com.ups.dap.app.RateApplicationTests" time="0.883"/>
  <testcase name="getAccessToken" classname="com.ups.dap.app.RateApplicationTests" time="0.015"/>
  <testcase name="notExistJsonFile" classname="com.ups.dap.app.RateApplicationTests" time="0"/>
  <testcase name="testMain" classname="com.ups.dap.app.RateApplicationTests" time="7.03"/>
  <testcase name="allJsonFileExist" classname="com.ups.dap.app.RateApplicationTests" time="0.035"/>
  <testcase name="restTemplateInjection" classname="com.ups.dap.app.RateApplicationTests" time="0.008"/>
  <testcase name="getRateResponse" classname="com.ups.dap.app.RateApplicationTests" time="0.445"/>
  <testcase name="scenarioSyntax" classname="com.ups.dap.app.RateApplicationTests" time="0.005"/>
  <testcase name="dayRollForward" classname="com.ups.dap.app.RateApplicationTests" time="0.005"/>
</testsuite>